Arguments: 
  /home/jimmy/.nvm/versions/node/v16.13.0/bin/node /home/jimmy/.yarn/bin/yarn.js add --dev react-app-rewire-multiple-entry react-app-rewire-multiple-entry-original

PATH: 
  /home/jimmy/.yarn/bin:/home/jimmy/.config/yarn/global/node_modules/.bin:/home/jimmy/.yarn/bin:/home/jimmy/.config/yarn/global/node_modules/.bin:/home/jimmy/.yarn/bin:/home/jimmy/.config/yarn/global/node_modules/.bin:/home/jimmy/.yarn/bin:/home/jimmy/.config/yarn/global/node_modules/.bin:/home/jimmy/.nvm/versions/node/v16.13.0/bin:/home/jimmy/.local/bin:/home/jimmy/bin:/usr/local/bin:/usr/bin:/bin:/usr/local/sbin:/usr/sbin:/home/jimmy/.composer/vendor/bin:/home/jimmy/Android/Sdk/emulator:/home/jimmy/Android/Sdk/tools:/home/jimmy/Android/Sdk/tools/bin:/home/jimmy/Android/Sdk/platform-tools:/home/jimmy/Android/Sdk/android-studio/bin:/home/jimmy/Applications:/home/jimmy/Android/Sdk/emulator:/home/jimmy/Android/Sdk/tools:/home/jimmy/Android/Sdk/tools/bin:/home/jimmy/Android/Sdk/platform-tools:/home/jimmy/Android/Sdk/android-studio/bin:/home/jimmy/Applications:/home/jimmy/Android/Sdk/emulator:/home/jimmy/Android/Sdk/tools:/home/jimmy/Android/Sdk/tools/bin:/home/jimmy/Android/Sdk/platform-tools:/home/jimmy/Android/Sdk/android-studio/bin:/home/jimmy/Applications:/home/jimmy/Android/Sdk/emulator:/home/jimmy/Android/Sdk/tools:/home/jimmy/Android/Sdk/tools/bin:/home/jimmy/Android/Sdk/platform-tools:/home/jimmy/Android/Sdk/android-studio/bin:/home/jimmy/Applications

Yarn version: 
  1.22.18

Node version: 
  16.13.0

Platform: 
  linux x64

Trace: 
  Error: https://registry.yarnpkg.com/react-app-rewire-multiple-entry-original: Not found
      at Request.params.callback [as _callback] (/home/jimmy/.yarn/lib/cli.js:66138:18)
      at Request.self.callback (/home/jimmy/.yarn/lib/cli.js:140883:22)
      at Request.emit (node:events:390:28)
      at Request.<anonymous> (/home/jimmy/.yarn/lib/cli.js:141855:10)
      at Request.emit (node:events:390:28)
      at IncomingMessage.<anonymous> (/home/jimmy/.yarn/lib/cli.js:141777:12)
      at Object.onceWrapper (node:events:509:28)
      at IncomingMessage.emit (node:events:402:35)
      at endReadableNT (node:internal/streams/readable:1343:12)
      at processTicksAndRejections (node:internal/process/task_queues:83:21)

npm manifest: 
  {
    "name": "react-app-rewire-multiple-entries",
    "version": "2.2.9",
    "description": "Multiple Entry Support for Create-React-App",
    "main": "lib/index.js",
    "scripts": {
      "test": "echo \"Error: no test specified\" && exit 1",
      "lint": "eslint --fix .",
      "prepublish": "npm run build:types && npm run build:js",
      "build:types": "tsc --emitDeclarationOnly",
      "build:js": "babel src --out-dir lib --extensions \".ts,.tsx\""
    },
    "engines": {
      "node": ">=6"
    },
    "repository": {
      "type": "git",
      "url": "git+https://github.com/BranceAgency/react-app-rewire-multiple-entries.git"
    },
    "keywords": [
      "react",
      "create-react-app",
      "react-app-rewire",
      "rewire",
      "multi",
      "multiple",
      "entry",
      "webpack"
    ],
    "author": "benlv <992110146@qq.com>",
    "license": "MIT",
    "bugs": {
      "url": "https://github.com/BranceAgency/react-app-rewire-multiple-entries/issues"
    },
    "homepage": "https://github.com/BranceAgency/react-app-rewire-multiple-entries#readme",
    "husky": {
      "hooks": {
        "pre-commit": "lint-staged"
      }
    },
    "lint-staged": {
      "*.{json,css,md}": [
        "prettier --single-quote --write",
        "git add"
      ],
      "*.{js}": [
        "prettier --single-quote --write",
        "eslint --fix",
        "git add"
      ]
    },
    "devDependencies": {
      "@babel/cli": "^7.2.3",
      "@babel/core": "^7.4.0",
      "@babel/plugin-proposal-class-properties": "^7.4.0",
      "@babel/plugin-proposal-numeric-separator": "^7.2.0",
      "@babel/plugin-proposal-object-rest-spread": "^7.4.0",
      "@babel/plugin-transform-modules-commonjs": "^7.7.4",
      "@babel/preset-env": "^7.4.1",
      "@babel/preset-typescript": "^7.3.3",
      "@types/node": "^12.12.14",
      "eslint": "^5.14.1",
      "eslint-plugin-node": "^8.0.0",
      "husky": "^1.3.1",
      "lint-staged": "^8.1.4",
      "prettier": "^1.16.4",
      "typescript": "^3.3.3"
    }
  }

yarn manifest: 
  No manifest

Lockfile: 
  No lockfile
